<?xml version="1.0" encoding="UTF-8"?>
<!-- Generated by org.testng.reporters.JUnitXMLReporter -->
<testsuite hostname="ip-192-168-168-165.us-west-1.compute.internal" ignored="0" name="Automation-Test" tests="2" failures="0" timestamp="27 May 2019 10:56:32 GMT" time="117.68" errors="0">
  <testcase name="hotStarHomePage" time="22.611" classname="com.ankit.Suites.HotStarSuite"/>
  <testcase name="hotStar_Login" time="86.475" classname="com.ankit.Suites.HotStarSuite"/>
</testsuite> <!-- Automation-Test -->
