<?xml version="1.0" encoding="UTF-8"?>
<!-- Generated by org.testng.reporters.JUnitXMLReporter -->
<testsuite hostname="ip-192-168-168-190.us-west-1.compute.internal" ignored="1" name="Automation-Test" tests="1" failures="0" timestamp="02 Jan 2019 09:04:51 GMT" time="5.742" errors="0">
  <testcase name="signIn" time="4.976" classname="com.birdeye.HealthCheckSuite.LoginAPIs"/>
  <testcase name="valid_Login" time="0.0" classname="com.birdeye.HealthCheckSuite.DashBoard">
    <ignored/>
  </testcase> <!-- valid_Login -->
</testsuite> <!-- Automation-Test -->
