<?xml version="1.0" encoding="UTF-8"?>
<!-- Generated by org.testng.reporters.JUnitXMLReporter -->
<testsuite hostname="ip-192-168-168-133.us-west-1.compute.internal" ignored="1" name="BirdEyeBlogsLinks" tests="1" failures="0" timestamp="08 Jan 2019 11:42:56 GMT" time="627.573" errors="0">
  <testcase name="birdEyeBlogsChilds_Links" time="622.007" classname="com.birdeye.LinkCheckSuites.BirdEyeBlogsLinks"/>
  <testcase name="birdEyeBlogs_Links" time="0.0" classname="com.birdeye.LinkCheckSuites.BirdEyeBlogsLinks">
    <ignored/>
  </testcase> <!-- birdEyeBlogs_Links -->
</testsuite> <!-- BirdEyeBlogsLinks -->
