<?xml version="1.0" encoding="UTF-8"?>
<!-- Generated by org.testng.reporters.JUnitXMLReporter -->
<testsuite hostname="ip-192-168-168-133.us-west-1.compute.internal" ignored="0" name="BirdEyeLinks" tests="2" failures="0" timestamp="09 Jan 2019 09:39:40 GMT" time="29.306" errors="0">
  <testcase name="@BeforeClass initilizePages" time="28.276" classname="com.birdeye.LinkCheckSuites.BirdEyeLinks">
    <failure type="java.lang.NullPointerException">
      <![CDATA[java.lang.NullPointerException
at com.birdeye.LinkCheckSuites.BirdEyeLinks.initilizePages(BirdEyeLinks.java:79)
at java.util.concurrent.FutureTask.run(FutureTask.java:266)
at java.util.concurrent.ThreadPoolExecutor.runWorker(ThreadPoolExecutor.java:1149)
at java.util.concurrent.ThreadPoolExecutor$Worker.run(ThreadPoolExecutor.java:624)
at java.lang.Thread.run(Thread.java:748)
... Removed 17 stack frames]]>
    </failure>
  </testcase> <!-- @BeforeClass initilizePages -->
  <testcase name="@AfterMethod TearDownTest" time="0.019" classname="com.birdeye.LinkCheckSuites.BirdEyeLinks">
    <failure type="java.lang.NullPointerException">
      <![CDATA[java.lang.NullPointerException
at com.birdeye.LinkCheckSuites.BirdEyeLinks.TearDownTest(BirdEyeLinks.java:357)
at java.util.concurrent.FutureTask.run(FutureTask.java:266)
at java.util.concurrent.ThreadPoolExecutor.runWorker(ThreadPoolExecutor.java:1149)
at java.util.concurrent.ThreadPoolExecutor$Worker.run(ThreadPoolExecutor.java:624)
at java.lang.Thread.run(Thread.java:748)
... Removed 19 stack frames]]>
    </failure>
  </testcase> <!-- @AfterMethod TearDownTest -->
  <testcase name="@AfterClass finshTestSuites1" time="0.002" classname="com.birdeye.LinkCheckSuites.BirdEyeLinks">
    <failure type="java.lang.NullPointerException">
      <![CDATA[java.lang.NullPointerException
at com.birdeye.LinkCheckSuites.BirdEyeLinks.finshTestSuites1(BirdEyeLinks.java:415)
at java.util.concurrent.FutureTask.run(FutureTask.java:266)
at java.util.concurrent.ThreadPoolExecutor.runWorker(ThreadPoolExecutor.java:1149)
at java.util.concurrent.ThreadPoolExecutor$Worker.run(ThreadPoolExecutor.java:624)
at java.lang.Thread.run(Thread.java:748)
... Removed 17 stack frames]]>
    </failure>
  </testcase> <!-- @AfterClass finshTestSuites1 -->
  <testcase name="birdEyeSiteMap_Links" time="0.0" classname="com.birdeye.LinkCheckSuites.BirdEyeLinks">
    <skipped/>
  </testcase> <!-- birdEyeSiteMap_Links -->
  <testcase name="birdEyeSiteMapChilds_Links" time="0.0" classname="com.birdeye.LinkCheckSuites.BirdEyeLinks">
    <skipped/>
  </testcase> <!-- birdEyeSiteMapChilds_Links -->
</testsuite> <!-- BirdEyeLinks -->
