<?xml version="1.0" encoding="UTF-8"?>
<!-- Generated by org.testng.reporters.JUnitXMLReporter -->
<testsuite hostname="ip-192-168-168-80.us-west-1.compute.internal" ignored="3" name="Automation-Test" tests="2" failures="0" timestamp="31 Oct 2018 09:02:29 GMT" time="395.646" errors="0">
  <testcase name="valid_Login" time="18.901" classname="com.birdeye.Suites.PaidProfileReviewsTCs"/>
  <testcase name="requestAnAppointment" time="342.521" classname="com.birdeye.Suites.PaidProfileReviewsTCs"/>
  <testcase name="writeAFacebookReviewOnReviewWebSite" time="0.0" classname="com.birdeye.Suites.PaidProfileReviewsTCs">
    <ignored/>
  </testcase> <!-- writeAFacebookReviewOnReviewWebSite -->
  <testcase name="writeALinkedInReviewOnReviewWebSite" time="0.0" classname="com.birdeye.Suites.PaidProfileReviewsTCs">
    <ignored/>
  </testcase> <!-- writeALinkedInReviewOnReviewWebSite -->
  <testcase name="writeAGoogleReviewOnReviewWebSite" time="0.0" classname="com.birdeye.Suites.PaidProfileReviewsTCs">
    <ignored/>
  </testcase> <!-- writeAGoogleReviewOnReviewWebSite -->
</testsuite> <!-- Automation-Test -->
