<?xml version="1.0" encoding="UTF-8"?>
<!-- Generated by org.testng.reporters.JUnitXMLReporter -->
<testsuite hostname="ip-192-168-168-133.us-west-1.compute.internal" ignored="0" name="BirdEyeBlogsLinks" tests="2" failures="0" timestamp="08 Jan 2019 09:17:25 GMT" time="1.742" errors="0">
  <testcase name="@BeforeClass initilizePages" time="1.73" classname="com.birdeye.LinkCheckSuites.BirdEyeBlogsLinks">
    <failure type="java.lang.NullPointerException" message="null value in entry: url=null">
      <![CDATA[java.lang.NullPointerException: null value in entry: url=null
at com.google.common.collect.CollectPreconditions.checkEntryNotNull(CollectPreconditions.java:34)
at com.google.common.collect.SingletonImmutableBiMap.<init>(SingletonImmutableBiMap.java:42)
at com.google.common.collect.ImmutableBiMap.of(ImmutableBiMap.java:73)
at com.google.common.collect.ImmutableMap.of(ImmutableMap.java:123)
at org.openqa.selenium.remote.RemoteWebDriver.get(RemoteWebDriver.java:276)
at org.openqa.selenium.remote.RemoteWebDriver$RemoteNavigation.to(RemoteWebDriver.java:853)
at com.birdeye.Selenium.SeleniumDriver.startDriver(SeleniumDriver.java:364)
at com.birdeye.LinkCheckSuites.BirdEyeBlogsLinks.initilizePages(BirdEyeBlogsLinks.java:85)
... Removed 26 stack frames]]>
    </failure>
  </testcase> <!-- @BeforeClass initilizePages -->
  <testcase name="@AfterClass finshTestSuites1" time="0.001" classname="com.birdeye.LinkCheckSuites.BirdEyeBlogsLinks">
    <failure type="java.lang.NullPointerException">
      <![CDATA[java.lang.NullPointerException
at com.birdeye.reporting.SuiteReporting.completeSuiteFileFooter(SuiteReporting.java:397)
at com.birdeye.LinkCheckSuites.BirdEyeBlogsLinks.finshTestSuites1(BirdEyeBlogsLinks.java:413)
... Removed 26 stack frames]]>
    </failure>
  </testcase> <!-- @AfterClass finshTestSuites1 -->
  <testcase name="birdEyeBlogs_Links" time="0.0" classname="com.birdeye.LinkCheckSuites.BirdEyeBlogsLinks">
    <skipped/>
  </testcase> <!-- birdEyeBlogs_Links -->
  <testcase name="birdEyeBlogsChilds_Links" time="0.0" classname="com.birdeye.LinkCheckSuites.BirdEyeBlogsLinks">
    <skipped/>
  </testcase> <!-- birdEyeBlogsChilds_Links -->
</testsuite> <!-- BirdEyeBlogsLinks -->
