<?xml version="1.0" encoding="UTF-8"?>
<!-- Generated by org.testng.reporters.JUnitXMLReporter -->
<testsuite hostname="ip-192-168-168-133.us-west-1.compute.internal" ignored="0" name="BirdEyeLinks" tests="2" failures="0" timestamp="08 Jan 2019 09:25:53 GMT" time="0.06" errors="0">
  <testcase name="@BeforeClass initilizePages" time="0.022" classname="com.birdeye.LinkCheckSuites.BirdEyeLinks">
    <failure type="java.lang.NullPointerException">
      <![CDATA[java.lang.NullPointerException
at com.birdeye.LinkCheckSuites.BirdEyeLinks.initilizePages(BirdEyeLinks.java:66)
... Removed 26 stack frames]]>
    </failure>
  </testcase> <!-- @BeforeClass initilizePages -->
  <testcase name="@AfterClass finshTestSuites1" time="0.0" classname="com.birdeye.LinkCheckSuites.BirdEyeLinks">
    <failure type="java.lang.NullPointerException">
      <![CDATA[java.lang.NullPointerException
at com.birdeye.LinkCheckSuites.BirdEyeLinks.finshTestSuites1(BirdEyeLinks.java:383)
... Removed 26 stack frames]]>
    </failure>
  </testcase> <!-- @AfterClass finshTestSuites1 -->
  <testcase name="birdEyeSiteMap_Links" time="0.0" classname="com.birdeye.LinkCheckSuites.BirdEyeLinks">
    <skipped/>
  </testcase> <!-- birdEyeSiteMap_Links -->
  <testcase name="birdEyeSiteMapChilds_Links" time="0.0" classname="com.birdeye.LinkCheckSuites.BirdEyeLinks">
    <skipped/>
  </testcase> <!-- birdEyeSiteMapChilds_Links -->
</testsuite> <!-- BirdEyeLinks -->
