<?xml version="1.0" encoding="UTF-8"?>
<!-- Generated by org.testng.reporters.JUnitXMLReporter -->
<testsuite hostname="ip-192-168-168-182.us-west-1.compute.internal" ignored="7" name="WhiteLabel" tests="2" failures="0" timestamp="24 Apr 2019 11:17:14 GMT" time="93.72" errors="0">
  <testcase name="valid_Login" time="20.356" classname="com.birdeye.Suites.WhitelabelBusinesses_TCs"/>
  <testcase name="verifyReviewReply" time="67.331" classname="com.birdeye.Suites.WhitelabelBusinesses_TCs"/>
  <testcase name="verifyDashBoard" time="0.0" classname="com.birdeye.Suites.WhitelabelBusinesses_TCs">
    <ignored/>
  </testcase> <!-- verifyDashBoard -->
  <testcase name="verifySocialSetup_Reseller" time="0.0" classname="com.birdeye.Suites.WhitelabelBusinesses_TCs">
    <ignored/>
  </testcase> <!-- verifySocialSetup_Reseller -->
  <testcase name="verifyPublicSiteUrl" time="0.0" classname="com.birdeye.Suites.WhitelabelBusinesses_TCs">
    <ignored/>
  </testcase> <!-- verifyPublicSiteUrl -->
  <testcase name="verifyDashBoardPdf" time="0.0" classname="com.birdeye.Suites.WhitelabelBusinesses_TCs">
    <ignored/>
  </testcase> <!-- verifyDashBoardPdf -->
  <testcase name="verifyReviewRatingBySource" time="0.0" classname="com.birdeye.Suites.WhitelabelBusinesses_TCs">
    <ignored/>
  </testcase> <!-- verifyReviewRatingBySource -->
  <testcase name="verifyOrgainicReview" time="0.0" classname="com.birdeye.Suites.WhitelabelBusinesses_TCs">
    <ignored/>
  </testcase> <!-- verifyOrgainicReview -->
  <testcase name="verifySourceFilter" time="0.0" classname="com.birdeye.Suites.WhitelabelBusinesses_TCs">
    <ignored/>
  </testcase> <!-- verifySourceFilter -->
</testsuite> <!-- WhiteLabel -->
