<?xml version="1.0" encoding="UTF-8"?>
<!-- Generated by org.testng.reporters.JUnitXMLReporter -->
<testsuite hostname="ip-192-168-0-11.us-west-1.compute.internal" ignored="1" name="BirdEyeLinks" tests="1" failures="0" timestamp="19 Feb 2019 15:40:03 GMT" time="1930.29" errors="0">
  <testcase name="birdEyeSiteMap_LinksNew" time="1414.052" classname="com.birdeye.LinkCheckSuites.BirdEyeLinks"/>
  <testcase name="birdEyeSiteMap_Links" time="0.0" classname="com.birdeye.LinkCheckSuites.BirdEyeLinks">
    <ignored/>
  </testcase> <!-- birdEyeSiteMap_Links -->
</testsuite> <!-- BirdEyeLinks -->
