<?xml version="1.0" encoding="UTF-8"?>
<!-- Generated by org.testng.reporters.JUnitXMLReporter -->
<testsuite hostname="ip-192-168-168-247.us-west-1.compute.internal" ignored="0" name="PageSpeedScore" tests="2" failures="0" timestamp="25 Feb 2019 05:56:42 GMT" time="39.556" errors="0">
  <testcase name="pageSpeedScore_Prod" time="17.764" classname="com.birdeye.LinkCheckSuites.PageSpeedScore"/>
  <testcase name="pageSpeedScore_ReviewP" time="15.495" classname="com.birdeye.LinkCheckSuites.PageSpeedScore"/>
</testsuite> <!-- PageSpeedScore -->
