<?xml version="1.0" encoding="UTF-8"?>
<!-- Generated by org.testng.reporters.JUnitXMLReporter -->
<testsuite hostname="ip-192-168-168-11.us-west-1.compute.internal" ignored="0" name="Automation-Test" tests="2" failures="0" timestamp="28 May 2019 11:15:19 GMT" time="113.814" errors="0">
  <testcase name="hotStarHomePage" time="29.869" classname="com.ankit.Suites.HotStarSuite"/>
  <testcase name="hotStar_Login" time="74.847" classname="com.ankit.Suites.HotStarSuite"/>
</testsuite> <!-- Automation-Test -->
