<?xml version="1.0" encoding="UTF-8"?>
<!-- Generated by org.testng.reporters.JUnitXMLReporter -->
<testsuite hostname="ip-192-168-168-26.us-west-1.compute.internal" ignored="0" name="WebSiteLinksValidation" tests="1" failures="1" timestamp="19 Dec 2018 11:07:26 GMT" time="40.651" errors="0">
  <testcase name="birdEyeBlogs_Links" time="6.713" classname="com.birdeye.Suites.BirdEyeBlogsLinks">
    <failure type="java.lang.ClassCastException" message="com.birdeye.WebPages.ThreadPoolForDriver cannot be cast to java.lang.Comparable">
      <![CDATA[java.lang.ClassCastException: com.birdeye.WebPages.ThreadPoolForDriver cannot be cast to java.lang.Comparable
at java.util.concurrent.PriorityBlockingQueue.siftUpComparable(PriorityBlockingQueue.java:358)
at java.util.concurrent.PriorityBlockingQueue.offer(PriorityBlockingQueue.java:490)
at java.util.concurrent.ThreadPoolExecutor.execute(ThreadPoolExecutor.java:1371)
at com.birdeye.WebPages.Page.checkURLsStatus(Page.java:68)
at com.birdeye.Suites.BirdEyeBlogsLinks.birdEyeBlogs_Links(BirdEyeBlogsLinks.java:94)
... Removed 25 stack frames]]>
    </failure>
  </testcase> <!-- birdEyeBlogs_Links -->
</testsuite> <!-- WebSiteLinksValidation -->
