<?xml version="1.0" encoding="UTF-8"?>
<!-- Generated by org.testng.reporters.JUnitXMLReporter -->
<testsuite hostname="ip-192-168-168-53.us-west-1.compute.internal" ignored="20" name="Automation-Test23" tests="3" failures="0" timestamp="10 Dec 2018 10:04:31 GMT" time="82.159" errors="0">
  <testcase name="pageSpeedScore_Prod" time="23.443" classname="com.birdeye.Suites.PageLoadTime"/>
  <testcase name="pageSpeedScore_ReviewP" time="18.158" classname="com.birdeye.Suites.PageLoadTime"/>
  <testcase name="pageSpeedScore_SignInP" time="14.863" classname="com.birdeye.Suites.PageLoadTime"/>
  <testcase name="pageLoad_ZoodiacPoolReview" time="0.0" classname="com.birdeye.Suites.PageLoadTime">
    <ignored/>
  </testcase> <!-- pageLoad_ZoodiacPoolReview -->
  <testcase name="pageLoad_MacHams" time="0.0" classname="com.birdeye.Suites.PageLoadTime">
    <ignored/>
  </testcase> <!-- pageLoad_MacHams -->
  <testcase name="pageLoad_DavidReview" time="0.0" classname="com.birdeye.Suites.PageLoadTime">
    <ignored/>
  </testcase> <!-- pageLoad_DavidReview -->
  <testcase name="pageLoad_Weill" time="0.0" classname="com.birdeye.Suites.PageLoadTime">
    <ignored/>
  </testcase> <!-- pageLoad_Weill -->
  <testcase name="pageLoad_Reseller" time="0.0" classname="com.birdeye.Suites.PageLoadTime">
    <ignored/>
  </testcase> <!-- pageLoad_Reseller -->
  <testcase name="pageLoad_AmericanPacificReview" time="0.0" classname="com.birdeye.Suites.PageLoadTime">
    <ignored/>
  </testcase> <!-- pageLoad_AmericanPacificReview -->
  <testcase name="pageLoad_SunMarReview" time="0.0" classname="com.birdeye.Suites.PageLoadTime">
    <ignored/>
  </testcase> <!-- pageLoad_SunMarReview -->
  <testcase name="pageLoad_WeillReview" time="0.0" classname="com.birdeye.Suites.PageLoadTime">
    <ignored/>
  </testcase> <!-- pageLoad_WeillReview -->
  <testcase name="pageLoad_David" time="0.0" classname="com.birdeye.Suites.PageLoadTime">
    <ignored/>
  </testcase> <!-- pageLoad_David -->
  <testcase name="pageLoad_SMBReview" time="0.0" classname="com.birdeye.Suites.PageLoadTime">
    <ignored/>
  </testcase> <!-- pageLoad_SMBReview -->
  <testcase name="pageLoad_SignetReview" time="0.0" classname="com.birdeye.Suites.PageLoadTime">
    <ignored/>
  </testcase> <!-- pageLoad_SignetReview -->
  <testcase name="pageLoad_NationalGeneral" time="0.0" classname="com.birdeye.Suites.PageLoadTime">
    <ignored/>
  </testcase> <!-- pageLoad_NationalGeneral -->
  <testcase name="pageLoad_Signet" time="0.0" classname="com.birdeye.Suites.PageLoadTime">
    <ignored/>
  </testcase> <!-- pageLoad_Signet -->
  <testcase name="pageLoad_Blaze" time="0.0" classname="com.birdeye.Suites.PageLoadTime">
    <ignored/>
  </testcase> <!-- pageLoad_Blaze -->
  <testcase name="pageLoad_MathisBrotherReview" time="0.0" classname="com.birdeye.Suites.PageLoadTime">
    <ignored/>
  </testcase> <!-- pageLoad_MathisBrotherReview -->
  <testcase name="pageLoad_SMB" time="0.0" classname="com.birdeye.Suites.PageLoadTime">
    <ignored/>
  </testcase> <!-- pageLoad_SMB -->
  <testcase name="pageLoad_SunMar" time="0.0" classname="com.birdeye.Suites.PageLoadTime">
    <ignored/>
  </testcase> <!-- pageLoad_SunMar -->
  <testcase name="pageLoad_BlazeReview" time="0.0" classname="com.birdeye.Suites.PageLoadTime">
    <ignored/>
  </testcase> <!-- pageLoad_BlazeReview -->
  <testcase name="pageLoad_NationalGeneralReview" time="0.0" classname="com.birdeye.Suites.PageLoadTime">
    <ignored/>
  </testcase> <!-- pageLoad_NationalGeneralReview -->
  <testcase name="pageLoad_ResellerReview" time="0.0" classname="com.birdeye.Suites.PageLoadTime">
    <ignored/>
  </testcase> <!-- pageLoad_ResellerReview -->
</testsuite> <!-- Automation-Test23 -->
