<?xml version="1.0" encoding="UTF-8"?>
<!-- Generated by org.testng.reporters.JUnitXMLReporter -->
<testsuite hostname="ip-192-168-168-26.us-west-1.compute.internal" ignored="0" name="BirdEyeBlogsLinks" tests="2" failures="0" timestamp="21 Dec 2018 06:31:15 GMT" time="3505.733" errors="0">
  <testcase name="birdEyeBlogs_Links" time="2570.13" classname="com.birdeye.Suites.BirdEyeBlogsLinks"/>
  <testcase name="birdEyeBlogs_Links1" time="919.442" classname="com.birdeye.Suites.BirdEyeBlogsLinks"/>
</testsuite> <!-- BirdEyeBlogsLinks -->
